Log file opened on Mon Oct 11 15:23:57 2021
Host: Nicholass-MacBook-Pro.local  pid: 90017  rank ID: 0  number of ranks:  1
                      :-) GROMACS - gmx mdrun, 2018.8 (-:

                            GROMACS is written by:
     Emile Apol      Rossen Apostolov      Paul Bauer     Herman J.C. Berendsen
    Par Bjelkmar    Aldert van Buuren   Rudi van Drunen     Anton Feenstra  
  Gerrit Groenhof    Aleksei Iupinov   Christoph Junghans   Anca Hamuraru   
 Vincent Hindriksen Dimitrios Karkoulis    Peter Kasson        Jiri Kraus    
  Carsten Kutzner      Per Larsson      Justin A. Lemkul    Viveca Lindahl  
  Magnus Lundborg   Pieter Meulenhoff    Erik Marklund      Teemu Murtola   
    Szilard Pall       Sander Pronk      Roland Schulz     Alexey Shvetsov  
   Michael Shirts     Alfons Sijbers     Peter Tieleman    Teemu Virolainen 
 Christian Wennberg    Maarten Wolf   
                           and the project leaders:
        Mark Abraham, Berk Hess, Erik Lindahl, and David van der Spoel

Copyright (c) 1991-2000, University of Groningen, The Netherlands.
Copyright (c) 2001-2017, The GROMACS development team at
Uppsala University, Stockholm University and
the Royal Institute of Technology, Sweden.
check out http://www.gromacs.org for more information.

GROMACS is free software; you can redistribute it and/or modify it
under the terms of the GNU Lesser General Public License
as published by the Free Software Foundation; either version 2.1
of the License, or (at your option) any later version.

GROMACS:      gmx mdrun, version 2018.8
Executable:   /usr/local/gromacs/bin//gmx
Data prefix:  /usr/local/gromacs
Working dir:  /Users/nicholassiemons/Dropbox/OBT/0011
Command line:
  gmx mdrun -s test.tpr -deffnm temp

GROMACS version:    2018.8
Precision:          single
Memory model:       64 bit
MPI library:        thread_mpi
OpenMP support:     disabled
GPU support:        disabled
SIMD instructions:  NONE
FFT library:        fftw-3.3.8
RDTSCP usage:       disabled
TNG support:        enabled
Hwloc support:      disabled
Tracing support:    disabled
Built on:           2021-08-10 12:27:59
Built by:           nicholassiemons@Nicholass-MacBook-Pro.local [CMAKE]
Build OS/arch:      Darwin 20.4.0 x86_64
Build CPU vendor:   Unknown
Build CPU brand:    Unknown
Build CPU family:   0   Model: 0   Stepping: 0
Build CPU features: Unknown
C compiler:         /Library/Developer/CommandLineTools/usr/bin/cc AppleClang 12.0.5.12050022
C compiler flags:       -Wno-unknown-pragmas  -O3 -DNDEBUG  
C++ compiler:       /Library/Developer/CommandLineTools/usr/bin/c++ AppleClang 12.0.5.12050022
C++ compiler flags:     -std=c++11  -Wno-unknown-pragmas  -O3 -DNDEBUG  


Running on 1 node with total 8 cores, 8 logical cores
Hardware detected:
  CPU info:
    Vendor: Intel
    Brand:  Intel(R) Core(TM) i7-1068NG7 CPU @ 2.30GHz
    Family: 6   Model: 126   Stepping: 5
    Features: aes apic avx avx2 avx512f avx512cd avx512bw avx512vl clfsh cmov cx8 cx16 f16c fma htt intel lahf mmx msr nonstop_tsc pcid pclmuldq pdcm pdpe1gb popcnt pse rdrnd rdtscp sha sse2 sse3 sse4.1 sse4.2 ssse3 tdt x2apic
    Number of AVX-512 FMA units: Cannot run AVX-512 detection - assuming 2
  Hardware topology: Only logical processor count

Highest SIMD level requested by all nodes in run: AVX_512
SIMD instructions selected at compile time:       None
This program was compiled for different hardware than you are running on,
which could influence performance.
The current CPU can measure timings more accurately than the code in
gmx mdrun was configured to use. This might affect your simulation
speed as accurate timings are needed for load-balancing.
Please consider rebuilding gmx mdrun with the GMX_USE_RDTSCP=ON CMake option.

++++ PLEASE READ AND CITE THE FOLLOWING REFERENCE ++++
M. J. Abraham, T. Murtola, R. Schulz, S. Páll, J. C. Smith, B. Hess, E.
Lindahl
GROMACS: High performance molecular simulations through multi-level
parallelism from laptops to supercomputers
SoftwareX 1 (2015) pp. 19-25
-------- -------- --- Thank You --- -------- --------


++++ PLEASE READ AND CITE THE FOLLOWING REFERENCE ++++
S. Páll, M. J. Abraham, C. Kutzner, B. Hess, E. Lindahl
Tackling Exascale Software Challenges in Molecular Dynamics Simulations with
GROMACS
In S. Markidis & E. Laure (Eds.), Solving Software Challenges for Exascale 8759 (2015) pp. 3-27
-------- -------- --- Thank You --- -------- --------


++++ PLEASE READ AND CITE THE FOLLOWING REFERENCE ++++
S. Pronk, S. Páll, R. Schulz, P. Larsson, P. Bjelkmar, R. Apostolov, M. R.
Shirts, J. C. Smith, P. M. Kasson, D. van der Spoel, B. Hess, and E. Lindahl
GROMACS 4.5: a high-throughput and highly parallel open source molecular
simulation toolkit
Bioinformatics 29 (2013) pp. 845-54
-------- -------- --- Thank You --- -------- --------


++++ PLEASE READ AND CITE THE FOLLOWING REFERENCE ++++
B. Hess and C. Kutzner and D. van der Spoel and E. Lindahl
GROMACS 4: Algorithms for highly efficient, load-balanced, and scalable
molecular simulation
J. Chem. Theory Comput. 4 (2008) pp. 435-447
-------- -------- --- Thank You --- -------- --------


++++ PLEASE READ AND CITE THE FOLLOWING REFERENCE ++++
D. van der Spoel, E. Lindahl, B. Hess, G. Groenhof, A. E. Mark and H. J. C.
Berendsen
GROMACS: Fast, Flexible and Free
J. Comp. Chem. 26 (2005) pp. 1701-1719
-------- -------- --- Thank You --- -------- --------


++++ PLEASE READ AND CITE THE FOLLOWING REFERENCE ++++
E. Lindahl and B. Hess and D. van der Spoel
GROMACS 3.0: A package for molecular simulation and trajectory analysis
J. Mol. Mod. 7 (2001) pp. 306-317
-------- -------- --- Thank You --- -------- --------


++++ PLEASE READ AND CITE THE FOLLOWING REFERENCE ++++
H. J. C. Berendsen, D. van der Spoel and R. van Drunen
GROMACS: A message-passing parallel molecular dynamics implementation
Comp. Phys. Comm. 91 (1995) pp. 43-56
-------- -------- --- Thank You --- -------- --------

Input Parameters:
   integrator                     = steep
   tinit                          = 0
   dt                             = 0.001
   nsteps                         = 50000
   init-step                      = 0
   simulation-part                = 1
   comm-mode                      = Linear
   nstcomm                        = 100
   bd-fric                        = 0
   ld-seed                        = -524044149
   emtol                          = 10
   emstep                         = 0.01
   niter                          = 20
   fcstep                         = 0
   nstcgsteep                     = 1000
   nbfgscorr                      = 10
   rtpi                           = 0.05
   nstxout                        = 0
   nstvout                        = 0
   nstfout                        = 0
   nstlog                         = 1000
   nstcalcenergy                  = 100
   nstenergy                      = 1000
   nstxout-compressed             = 0
   compressed-x-precision         = 1000
   cutoff-scheme                  = Verlet
   nstlist                        = 20
   ns-type                        = Grid
   pbc                            = xyz
   periodic-molecules             = false
   verlet-buffer-tolerance        = 0.005
   rlist                          = 1.05
   coulombtype                    = Cut-off
   coulomb-modifier               = Potential-shift
   rcoulomb-switch                = 0
   rcoulomb                       = 1
   epsilon-r                      = 1
   epsilon-rf                     = inf
   vdw-type                       = Cut-off
   vdw-modifier                   = Potential-shift
   rvdw-switch                    = 0
   rvdw                           = 1
   DispCorr                       = No
   table-extension                = 1
   fourierspacing                 = 0.12
   fourier-nx                     = 0
   fourier-ny                     = 0
   fourier-nz                     = 0
   pme-order                      = 4
   ewald-rtol                     = 1e-05
   ewald-rtol-lj                  = 0.001
   lj-pme-comb-rule               = Geometric
   ewald-geometry                 = 0
   epsilon-surface                = 0
   implicit-solvent               = No
   gb-algorithm                   = Still
   nstgbradii                     = 1
   rgbradii                       = 1
   gb-epsilon-solvent             = 80
   gb-saltconc                    = 0
   gb-obc-alpha                   = 1
   gb-obc-beta                    = 0.8
   gb-obc-gamma                   = 4.85
   gb-dielectric-offset           = 0.009
   sa-algorithm                   = Ace-approximation
   sa-surface-tension             = 2.05016
   tcoupl                         = No
   nsttcouple                     = -1
   nh-chain-length                = 0
   print-nose-hoover-chain-variables = false
   pcoupl                         = No
   pcoupltype                     = Isotropic
   nstpcouple                     = -1
   tau-p                          = 1
   compressibility (3x3):
      compressibility[    0]={ 0.00000e+00,  0.00000e+00,  0.00000e+00}
      compressibility[    1]={ 0.00000e+00,  0.00000e+00,  0.00000e+00}
      compressibility[    2]={ 0.00000e+00,  0.00000e+00,  0.00000e+00}
   ref-p (3x3):
      ref-p[    0]={ 0.00000e+00,  0.00000e+00,  0.00000e+00}
      ref-p[    1]={ 0.00000e+00,  0.00000e+00,  0.00000e+00}
      ref-p[    2]={ 0.00000e+00,  0.00000e+00,  0.00000e+00}
   refcoord-scaling               = No
   posres-com (3):
      posres-com[0]= 0.00000e+00
      posres-com[1]= 0.00000e+00
      posres-com[2]= 0.00000e+00
   posres-comB (3):
      posres-comB[0]= 0.00000e+00
      posres-comB[1]= 0.00000e+00
      posres-comB[2]= 0.00000e+00
   QMMM                           = false
   QMconstraints                  = 0
   QMMMscheme                     = 0
   MMChargeScaleFactor            = 1
qm-opts:
   ngQM                           = 0
   constraint-algorithm           = Lincs
   continuation                   = false
   Shake-SOR                      = false
   shake-tol                      = 0.0001
   lincs-order                    = 4
   lincs-iter                     = 1
   lincs-warnangle                = 30
   nwall                          = 0
   wall-type                      = 9-3
   wall-r-linpot                  = -1
   wall-atomtype[0]               = -1
   wall-atomtype[1]               = -1
   wall-density[0]                = 0
   wall-density[1]                = 0
   wall-ewald-zfac                = 3
   pull                           = false
   awh                            = false
   rotation                       = false
   interactiveMD                  = false
   disre                          = No
   disre-weighting                = Conservative
   disre-mixed                    = false
   dr-fc                          = 1000
   dr-tau                         = 0
   nstdisreout                    = 100
   orire-fc                       = 0
   orire-tau                      = 0
   nstorireout                    = 100
   free-energy                    = no
   cos-acceleration               = 0
   deform (3x3):
      deform[    0]={ 0.00000e+00,  0.00000e+00,  0.00000e+00}
      deform[    1]={ 0.00000e+00,  0.00000e+00,  0.00000e+00}
      deform[    2]={ 0.00000e+00,  0.00000e+00,  0.00000e+00}
   simulated-tempering            = false
   swapcoords                     = no
   userint1                       = 0
   userint2                       = 0
   userint3                       = 0
   userint4                       = 0
   userreal1                      = 0
   userreal2                      = 0
   userreal3                      = 0
   userreal4                      = 0
   applied-forces:
     electric-field:
       x:
         E0                       = 0
         omega                    = 0
         t0                       = 0
         sigma                    = 0
       y:
         E0                       = 0
         omega                    = 0
         t0                       = 0
         sigma                    = 0
       z:
         E0                       = 0
         omega                    = 0
         t0                       = 0
         sigma                    = 0
grpopts:
   nrdf:        5181
   ref-t:           0
   tau-t:           0
annealing:          No
annealing-npoints:           0
   acc:	           0           0           0
   nfreeze:           N           N           N
   energygrp-flags[  0]: 0


Initializing Domain Decomposition on 8 ranks

NOTE: disabling dynamic load balancing as it is only supported with dynamics, not with integrator 'steep'.

Dynamic load balancing: off
Minimum cell size due to atom displacement: 0.050 nm
Initial maximum inter charge-group distances:
    two-body bonded interactions: 0.556 nm, LJ-14, atoms 1113 1130
  multi-body bonded interactions: 0.834 nm, Improper Dih., atoms 1500 1618
Minimum cell size due to bonded interactions: 0.917 nm
Optimizing the DD grid for 8 cells with a minimum initial size of 0.917 nm
The maximum allowed number of cells is: X 32 Y 32 Z 32
Domain decomposition grid 2 x 2 x 2, separate PME ranks 0
Domain decomposition rank 0, coordinates 0 0 0

The initial number of communication pulses is: X 1 Y 1 Z 1
The initial domain decomposition cell size is: X 15.00 nm Y 15.00 nm Z 15.00 nm

The maximum allowed distance for charge groups involved in interactions is:
                 non-bonded interactions           1.050 nm
            two-body bonded interactions  (-rdd)   1.050 nm
          multi-body bonded interactions  (-rdd)   1.050 nm


Using 8 MPI threads
System total charge: 0.000
Potential shift: LJ r^-12: -1.000e+00 r^-6: -1.000e+00, Coulomb -1e+00
Generated table with 1025 data points for 1-4 COUL.
Tabscale = 500 points/nm
Generated table with 1025 data points for 1-4 LJ6.
Tabscale = 500 points/nm
Generated table with 1025 data points for 1-4 LJ12.
Tabscale = 500 points/nm

Using plain C 4x4 nonbonded short-range kernels

WARNING: Using the slow plain C kernels. This should
not happen during routine usage on supported platforms.

Using a 4x4 pair-list setup:
  updated every 20 steps, buffer 0.050 nm, rlist 1.050 nm

Using geometric Lennard-Jones combination rule

Removing pbc first time

Linking all bonded interactions to atoms

Initiating Steepest Descents
Atom distribution over 8 domains: av 216 stddev 174 min 8 max 423
Started Steepest Descents on rank 0 Mon Oct 11 15:23:57 2021

Steepest Descents:
   Tolerance (Fmax)   =  1.00000e+01
   Number of steps    =        50000
           Step           Time
              0        0.00000

   Energies (kJ/mol)
           Bond          Angle Ryckaert-Bell.  Improper Dih.          LJ-14
    1.80975e+02    3.61915e+03    2.29342e+02    8.80195e+00    5.26863e+02
     Coulomb-14        LJ (SR)   Coulomb (SR)      Potential Pressure (bar)
    1.06019e+03   -6.95654e+02   -2.28832e+03    2.64135e+03    0.00000e+00

DD  step 0 load imb.: force 59.6%

           Step           Time
              1        1.00000

           Step           Time
              2        2.00000

           Step           Time
              3        3.00000

           Step           Time
              4        4.00000

   Energies (kJ/mol)
           Bond          Angle Ryckaert-Bell.  Improper Dih.          LJ-14
    1.62137e+02    3.60710e+03    2.29460e+02    7.36406e+00    5.27427e+02
     Coulomb-14        LJ (SR)   Coulomb (SR)      Potential Pressure (bar)
    1.06041e+03   -6.95681e+02   -2.28856e+03    2.60966e+03    0.00000e+00

           Step           Time
              5        5.00000

   Energies (kJ/mol)
           Bond          Angle Ryckaert-Bell.  Improper Dih.          LJ-14
    1.54384e+02    3.60941e+03    2.29417e+02    7.36943e+00    5.27107e+02
     Coulomb-14        LJ (SR)   Coulomb (SR)      Potential Pressure (bar)
    1.06025e+03   -6.95720e+02   -2.28840e+03    2.60381e+03    0.00000e+00

           Step           Time
              6        6.00000

           Step           Time
              7        7.00000

   Energies (kJ/mol)
           Bond          Angle Ryckaert-Bell.  Improper Dih.          LJ-14
    1.47382e+02    3.60545e+03    2.29433e+02    6.45608e+00    5.27129e+02
     Coulomb-14        LJ (SR)   Coulomb (SR)      Potential Pressure (bar)
    1.06032e+03   -6.95714e+02   -2.28844e+03    2.59201e+03    0.00000e+00

           Step           Time
              8        8.00000

           Step           Time
              9        9.00000

           Step           Time
             10       10.00000

   Energies (kJ/mol)
           Bond          Angle Ryckaert-Bell.  Improper Dih.          LJ-14
    1.47110e+02    3.60522e+03    2.29438e+02    6.44479e+00    5.27088e+02
     Coulomb-14        LJ (SR)   Coulomb (SR)      Potential Pressure (bar)
    1.06032e+03   -6.95729e+02   -2.28849e+03    2.59141e+03    0.00000e+00

           Step           Time
             11       11.00000

   Energies (kJ/mol)
           Bond          Angle Ryckaert-Bell.  Improper Dih.          LJ-14
    1.47475e+02    3.60448e+03    2.29437e+02    6.43440e+00    5.27087e+02
     Coulomb-14        LJ (SR)   Coulomb (SR)      Potential Pressure (bar)
    1.06033e+03   -6.95735e+02   -2.28845e+03    2.59106e+03    0.00000e+00

           Step           Time
             12       12.00000

   Energies (kJ/mol)
           Bond          Angle Ryckaert-Bell.  Improper Dih.          LJ-14
    1.47126e+02    3.60488e+03    2.29435e+02    6.43439e+00    5.27039e+02
     Coulomb-14        LJ (SR)   Coulomb (SR)      Potential Pressure (bar)
    1.06033e+03   -6.95746e+02   -2.28850e+03    2.59100e+03    0.00000e+00

           Step           Time
             13       13.00000

   Energies (kJ/mol)
           Bond          Angle Ryckaert-Bell.  Improper Dih.          LJ-14
    1.47950e+02    3.60395e+03    2.29436e+02    6.42828e+00    5.27063e+02
     Coulomb-14        LJ (SR)   Coulomb (SR)      Potential Pressure (bar)
    1.06036e+03   -6.95752e+02   -2.28846e+03    2.59098e+03    0.00000e+00

           Step           Time
             14       14.00000

           Step           Time
             15       15.00000

   Energies (kJ/mol)
           Bond          Angle Ryckaert-Bell.  Improper Dih.          LJ-14
    1.46830e+02    3.60420e+03    2.29434e+02    6.39860e+00    5.27036e+02
     Coulomb-14        LJ (SR)   Coulomb (SR)      Potential Pressure (bar)
    1.06035e+03   -6.95755e+02   -2.28849e+03    2.59001e+03    0.00000e+00

           Step           Time
             16       16.00000

           Step           Time
             17       17.00000

   Energies (kJ/mol)
           Bond          Angle Ryckaert-Bell.  Improper Dih.          LJ-14
    1.47225e+02    3.60370e+03    2.29433e+02    6.38889e+00    5.27027e+02
     Coulomb-14        LJ (SR)   Coulomb (SR)      Potential Pressure (bar)
    1.06038e+03   -6.95772e+02   -2.28849e+03    2.58989e+03    0.00000e+00

           Step           Time
             18       18.00000

   Energies (kJ/mol)
           Bond          Angle Ryckaert-Bell.  Improper Dih.          LJ-14
    1.46775e+02    3.60395e+03    2.29430e+02    6.38411e+00    5.27013e+02
     Coulomb-14        LJ (SR)   Coulomb (SR)      Potential Pressure (bar)
    1.06037e+03   -6.95773e+02   -2.28850e+03    2.58965e+03    0.00000e+00

           Step           Time
             19       19.00000

           Step           Time
             20       20.00000

   Energies (kJ/mol)
           Bond          Angle Ryckaert-Bell.  Improper Dih.          LJ-14
    1.46937e+02    3.60368e+03    2.29430e+02    6.38140e+00    5.27014e+02
     Coulomb-14        LJ (SR)   Coulomb (SR)      Potential Pressure (bar)
    1.06038e+03   -6.95780e+02   -2.28850e+03    2.58955e+03    0.00000e+00

           Step           Time
             21       21.00000

   Energies (kJ/mol)
           Bond          Angle Ryckaert-Bell.  Improper Dih.          LJ-14
    1.46772e+02    3.60387e+03    2.29428e+02    6.37636e+00    5.27002e+02
     Coulomb-14        LJ (SR)   Coulomb (SR)      Potential Pressure (bar)
    1.06037e+03   -6.95784e+02   -2.28851e+03    2.58953e+03    0.00000e+00

           Step           Time
             22       22.00000

   Energies (kJ/mol)
           Bond          Angle Ryckaert-Bell.  Improper Dih.          LJ-14
    1.47008e+02    3.60353e+03    2.29429e+02    6.37426e+00    5.27009e+02
     Coulomb-14        LJ (SR)   Coulomb (SR)      Potential Pressure (bar)
    1.06039e+03   -6.95792e+02   -2.28850e+03    2.58945e+03    0.00000e+00

           Step           Time
             23       23.00000

           Step           Time
             24       24.00000

   Energies (kJ/mol)
           Bond          Angle Ryckaert-Bell.  Improper Dih.          LJ-14
    1.46780e+02    3.60367e+03    2.29428e+02    6.37172e+00    5.27002e+02
     Coulomb-14        LJ (SR)   Coulomb (SR)      Potential Pressure (bar)
    1.06038e+03   -6.95793e+02   -2.28851e+03    2.58933e+03    0.00000e+00

           Step           Time
             25       25.00000

           Step           Time
             26       26.00000

   Energies (kJ/mol)
           Bond          Angle Ryckaert-Bell.  Improper Dih.          LJ-14
    1.46877e+02    3.60353e+03    2.29427e+02    6.36888e+00    5.27002e+02
     Coulomb-14        LJ (SR)   Coulomb (SR)      Potential Pressure (bar)
    1.06039e+03   -6.95799e+02   -2.28850e+03    2.58929e+03    0.00000e+00

           Step           Time
             27       27.00000

   Energies (kJ/mol)
           Bond          Angle Ryckaert-Bell.  Improper Dih.          LJ-14
    1.46758e+02    3.60363e+03    2.29426e+02    6.36634e+00    5.26996e+02
     Coulomb-14        LJ (SR)   Coulomb (SR)      Potential Pressure (bar)
    1.06038e+03   -6.95803e+02   -2.28851e+03    2.58925e+03    0.00000e+00

           Step           Time
             28       28.00000

   Energies (kJ/mol)
           Bond          Angle Ryckaert-Bell.  Improper Dih.          LJ-14
    1.46899e+02    3.60345e+03    2.29426e+02    6.36450e+00    5.26998e+02
     Coulomb-14        LJ (SR)   Coulomb (SR)      Potential Pressure (bar)
    1.06039e+03   -6.95810e+02   -2.28851e+03    2.58922e+03    0.00000e+00

           Step           Time
             29       29.00000

   Energies (kJ/mol)
           Bond          Angle Ryckaert-Bell.  Improper Dih.          LJ-14
    1.46744e+02    3.60362e+03    2.29424e+02    6.36161e+00    5.26990e+02
     Coulomb-14        LJ (SR)   Coulomb (SR)      Potential Pressure (bar)
    1.06038e+03   -6.95812e+02   -2.28852e+03    2.58920e+03    0.00000e+00

           Step           Time
             30       30.00000

   Energies (kJ/mol)
           Bond          Angle Ryckaert-Bell.  Improper Dih.          LJ-14
    1.46941e+02    3.60338e+03    2.29425e+02    6.36016e+00    5.26995e+02
     Coulomb-14        LJ (SR)   Coulomb (SR)      Potential Pressure (bar)
    1.06040e+03   -6.95819e+02   -2.28851e+03    2.58917e+03    0.00000e+00

           Step           Time
             31       31.00000

           Step           Time
             32       32.00000

   Energies (kJ/mol)
           Bond          Angle Ryckaert-Bell.  Improper Dih.          LJ-14
    1.46765e+02    3.60351e+03    2.29424e+02    6.35883e+00    5.26990e+02
     Coulomb-14        LJ (SR)   Coulomb (SR)      Potential Pressure (bar)
    1.06039e+03   -6.95820e+02   -2.28852e+03    2.58910e+03    0.00000e+00

           Step           Time
             33       33.00000

   Energies (kJ/mol)
           Bond          Angle Ryckaert-Bell.  Improper Dih.          LJ-14
    1.46993e+02    3.60328e+03    2.29422e+02    6.35385e+00    5.26984e+02
     Coulomb-14        LJ (SR)   Coulomb (SR)      Potential Pressure (bar)
    1.06040e+03   -6.95838e+02   -2.28852e+03    2.58908e+03    0.00000e+00

           Step           Time
             34       34.00000

   Energies (kJ/mol)
           Bond          Angle Ryckaert-Bell.  Improper Dih.          LJ-14
    1.46746e+02    3.60348e+03    2.29420e+02    6.35256e+00    5.26978e+02
     Coulomb-14        LJ (SR)   Coulomb (SR)      Potential Pressure (bar)
    1.06039e+03   -6.95838e+02   -2.28852e+03    2.58901e+03    0.00000e+00

           Step           Time
             35       35.00000

           Step           Time
             36       36.00000

   Energies (kJ/mol)
           Bond          Angle Ryckaert-Bell.  Improper Dih.          LJ-14
    1.46840e+02    3.60336e+03    2.29420e+02    6.35162e+00    5.26981e+02
     Coulomb-14        LJ (SR)   Coulomb (SR)      Potential Pressure (bar)
    1.06040e+03   -6.95843e+02   -2.28852e+03    2.58899e+03    0.00000e+00

           Step           Time
             37       37.00000

   Energies (kJ/mol)
           Bond          Angle Ryckaert-Bell.  Improper Dih.          LJ-14
    1.46721e+02    3.60350e+03    2.29419e+02    6.34964e+00    5.26976e+02
     Coulomb-14        LJ (SR)   Coulomb (SR)      Potential Pressure (bar)
    1.06039e+03   -6.95846e+02   -2.28853e+03    2.58898e+03    0.00000e+00

           Step           Time
             38       38.00000

   Energies (kJ/mol)
           Bond          Angle Ryckaert-Bell.  Improper Dih.          LJ-14
    1.46859e+02    3.60334e+03    2.29419e+02    6.34935e+00    5.26977e+02
     Coulomb-14        LJ (SR)   Coulomb (SR)      Potential Pressure (bar)
    1.06040e+03   -6.95853e+02   -2.28852e+03    2.58896e+03    0.00000e+00

           Step           Time
             39       39.00000

           Step           Time
             40       40.00000

   Energies (kJ/mol)
           Bond          Angle Ryckaert-Bell.  Improper Dih.          LJ-14
    1.46756e+02    3.60342e+03    2.29418e+02    6.34817e+00    5.26973e+02
     Coulomb-14        LJ (SR)   Coulomb (SR)      Potential Pressure (bar)
    1.06039e+03   -6.95854e+02   -2.28853e+03    2.58893e+03    0.00000e+00

           Step           Time
             41       41.00000

   Energies (kJ/mol)
           Bond          Angle Ryckaert-Bell.  Improper Dih.          LJ-14
    1.46867e+02    3.60331e+03    2.29416e+02    6.34639e+00    5.26973e+02
     Coulomb-14        LJ (SR)   Coulomb (SR)      Potential Pressure (bar)
    1.06040e+03   -6.95867e+02   -2.28853e+03    2.58891e+03    0.00000e+00

           Step           Time
             42       42.00000

   Energies (kJ/mol)
           Bond          Angle Ryckaert-Bell.  Improper Dih.          LJ-14
    1.46729e+02    3.60343e+03    2.29415e+02    6.34486e+00    5.26968e+02
     Coulomb-14        LJ (SR)   Coulomb (SR)      Potential Pressure (bar)
    1.06039e+03   -6.95867e+02   -2.28853e+03    2.58888e+03    0.00000e+00

           Step           Time
             43       43.00000

           Step           Time
             44       44.00000

   Energies (kJ/mol)
           Bond          Angle Ryckaert-Bell.  Improper Dih.          LJ-14
    1.46789e+02    3.60336e+03    2.29415e+02    6.34494e+00    5.26967e+02
     Coulomb-14        LJ (SR)   Coulomb (SR)      Potential Pressure (bar)
    1.06039e+03   -6.95872e+02   -2.28853e+03    2.58886e+03    0.00000e+00

           Step           Time
             45       45.00000

   Energies (kJ/mol)
           Bond          Angle Ryckaert-Bell.  Improper Dih.          LJ-14
    1.46718e+02    3.60344e+03    2.29413e+02    6.34267e+00    5.26963e+02
     Coulomb-14        LJ (SR)   Coulomb (SR)      Potential Pressure (bar)
    1.06039e+03   -6.95876e+02   -2.28854e+03    2.58885e+03    0.00000e+00

           Step           Time
             46       46.00000

   Energies (kJ/mol)
           Bond          Angle Ryckaert-Bell.  Improper Dih.          LJ-14
    1.46810e+02    3.60333e+03    2.29413e+02    6.34306e+00    5.26963e+02
     Coulomb-14        LJ (SR)   Coulomb (SR)      Potential Pressure (bar)
    1.06039e+03   -6.95881e+02   -2.28854e+03    2.58884e+03    0.00000e+00

           Step           Time
             47       47.00000

           Step           Time
             48       48.00000

   Energies (kJ/mol)
           Bond          Angle Ryckaert-Bell.  Improper Dih.          LJ-14
    1.46735e+02    3.60340e+03    2.29412e+02    6.34248e+00    5.26961e+02
     Coulomb-14        LJ (SR)   Coulomb (SR)      Potential Pressure (bar)
    1.06039e+03   -6.95882e+02   -2.28854e+03    2.58882e+03    0.00000e+00

           Step           Time
             49       49.00000

   Energies (kJ/mol)
           Bond          Angle Ryckaert-Bell.  Improper Dih.          LJ-14
    1.46820e+02    3.60332e+03    2.29411e+02    6.34054e+00    5.26960e+02
     Coulomb-14        LJ (SR)   Coulomb (SR)      Potential Pressure (bar)
    1.06039e+03   -6.95892e+02   -2.28854e+03    2.58881e+03    0.00000e+00

           Step           Time
             50       50.00000

   Energies (kJ/mol)
           Bond          Angle Ryckaert-Bell.  Improper Dih.          LJ-14
    1.46719e+02    3.60342e+03    2.29410e+02    6.33994e+00    5.26955e+02
     Coulomb-14        LJ (SR)   Coulomb (SR)      Potential Pressure (bar)
    1.06039e+03   -6.95892e+02   -2.28855e+03    2.58879e+03    0.00000e+00

           Step           Time
             51       51.00000

           Step           Time
             52       52.00000

   Energies (kJ/mol)
           Bond          Angle Ryckaert-Bell.  Improper Dih.          LJ-14
    1.46764e+02    3.60336e+03    2.29409e+02    6.33977e+00    5.26956e+02
     Coulomb-14        LJ (SR)   Coulomb (SR)      Potential Pressure (bar)
    1.06039e+03   -6.95896e+02   -2.28855e+03    2.58877e+03    0.00000e+00

           Step           Time
             53       53.00000

   Energies (kJ/mol)
           Bond          Angle Ryckaert-Bell.  Improper Dih.          LJ-14
    1.46704e+02    3.60343e+03    2.29408e+02    6.33837e+00    5.26951e+02
     Coulomb-14        LJ (SR)   Coulomb (SR)      Potential Pressure (bar)
    1.06038e+03   -6.95901e+02   -2.28855e+03    2.58876e+03    0.00000e+00

           Step           Time
             54       54.00000

   Energies (kJ/mol)
           Bond          Angle Ryckaert-Bell.  Improper Dih.          LJ-14
    1.46776e+02    3.60334e+03    2.29408e+02    6.33791e+00    5.26952e+02
     Coulomb-14        LJ (SR)   Coulomb (SR)      Potential Pressure (bar)
    1.06039e+03   -6.95906e+02   -2.28855e+03    2.58875e+03    0.00000e+00

           Step           Time
             55       55.00000

           Step           Time
             56       56.00000

   Energies (kJ/mol)
           Bond          Angle Ryckaert-Bell.  Improper Dih.          LJ-14
    1.46729e+02    3.60339e+03    2.29407e+02    6.33745e+00    5.26950e+02
     Coulomb-14        LJ (SR)   Coulomb (SR)      Potential Pressure (bar)
    1.06039e+03   -6.95907e+02   -2.28855e+03    2.58874e+03    0.00000e+00

           Step           Time
             57       57.00000

   Energies (kJ/mol)
           Bond          Angle Ryckaert-Bell.  Improper Dih.          LJ-14
    1.46783e+02    3.60333e+03    2.29406e+02    6.33613e+00    5.26948e+02
     Coulomb-14        LJ (SR)   Coulomb (SR)      Potential Pressure (bar)
    1.06039e+03   -6.95914e+02   -2.28855e+03    2.58873e+03    0.00000e+00

           Step           Time
             58       58.00000

   Energies (kJ/mol)
           Bond          Angle Ryckaert-Bell.  Improper Dih.          LJ-14
    1.46708e+02    3.60341e+03    2.29405e+02    6.33565e+00    5.26946e+02
     Coulomb-14        LJ (SR)   Coulomb (SR)      Potential Pressure (bar)
    1.06038e+03   -6.95916e+02   -2.28856e+03    2.58872e+03    0.00000e+00

           Step           Time
             59       59.00000

   Energies (kJ/mol)
           Bond          Angle Ryckaert-Bell.  Improper Dih.          LJ-14
    1.46794e+02    3.60332e+03    2.29405e+02    6.33512e+00    5.26946e+02
     Coulomb-14        LJ (SR)   Coulomb (SR)      Potential Pressure (bar)
    1.06039e+03   -6.95922e+02   -2.28856e+03    2.58871e+03    0.00000e+00

           Step           Time
             60       60.00000

   Energies (kJ/mol)
           Bond          Angle Ryckaert-Bell.  Improper Dih.          LJ-14
    1.46688e+02    3.60344e+03    2.29403e+02    6.33424e+00    5.26943e+02
     Coulomb-14        LJ (SR)   Coulomb (SR)      Potential Pressure (bar)
    1.06038e+03   -6.95923e+02   -2.28856e+03    2.58870e+03    0.00000e+00

           Step           Time
             61       61.00000

           Step           Time
             62       62.00000

   Energies (kJ/mol)
           Bond          Angle Ryckaert-Bell.  Improper Dih.          LJ-14
    1.46741e+02    3.60336e+03    2.29403e+02    6.33422e+00    5.26943e+02
     Coulomb-14        LJ (SR)   Coulomb (SR)      Potential Pressure (bar)
    1.06038e+03   -6.95926e+02   -2.28856e+03    2.58868e+03    0.00000e+00


Steepest Descents converged to Fmax < 10 in 63 steps
Potential Energy  =  2.5886814e+03
Maximum force     =  9.1121483e+00 on atom 17
Norm of force     =  2.1355163e+00

    D O M A I N   D E C O M P O S I T I O N   S T A T I S T I C S

 av. #atoms communicated per step for force:  2 x 1317.2

Finished mdrun on rank 0 Mon Oct 11 15:23:58 2021
